[0m11:18:48.065912 [debug] [MainThread]: Sending event: {'category': 'dbt', 'action': 'invocation', 'label': 'start', 'context': [<snowplow_tracker.self_describing_json.SelfDescribingJson object at 0x0000022E8A672A00>, <snowplow_tracker.self_describing_json.SelfDescribingJson object at 0x0000022E8C91D310>, <snowplow_tracker.self_describing_json.SelfDescribingJson object at 0x0000022E8C91D0D0>]}


============================== 11:18:48.161429 | 7b2f9b82-c5bf-4c4f-ad17-8b76659fd925 ==============================
[0m11:18:48.161429 [info ] [MainThread]: Running with dbt=1.10.17
[0m11:18:48.162156 [debug] [MainThread]: running dbt with arguments {'fail_fast': 'False', 'debug': 'False', 'log_cache_events': 'False', 'send_anonymous_usage_stats': 'True', 'cache_selected_only': 'False', 'warn_error_options': 'WarnErrorOptionsV2(error=[], warn=[], silence=[])', 'target_path': 'None', 'no_print': 'None', 'version_check': 'True', 'empty': 'None', 'printer_width': '80', 'partial_parse': 'True', 'introspect': 'True', 'quiet': 'False', 'warn_error': 'None', 'write_json': 'True', 'log_path': 'logs', 'invocation_command': 'dbt init', 'log_format': 'default', 'static_parser': 'True', 'profiles_dir': 'C:\\Users\\ggrft\\.dbt', 'use_experimental_parser': 'False', 'use_colors': 'True', 'indirect_selection': 'eager'}
[0m11:18:48.380564 [info ] [MainThread]: Creating dbt configuration folder at C:\Users\ggrft\.dbt
[0m11:20:51.322036 [debug] [MainThread]: Starter project path: C:\Users\ggrft\PycharmProjects\dbt-projects\.venv\lib\site-packages\dbt\include\starter_project
[0m11:20:51.382622 [info ] [MainThread]: 
Your new dbt project "dbt_shop_report" was created!

For more information on how to configure the profiles.yml file,
please consult the dbt documentation here:

  https://docs.getdbt.com/docs/configure-your-profile

One more thing:

Need help? Don't hesitate to reach out to us via GitHub issues or on Slack:

  https://community.getdbt.com/

Happy modeling!

[0m11:20:51.383691 [info ] [MainThread]: Setting up your profile.
[0m11:21:58.192032 [debug] [MainThread]: Spark adapter: Setting pyhive.hive logging to ERROR
[0m11:21:58.193040 [debug] [MainThread]: Spark adapter: Setting thrift.transport logging to ERROR
[0m11:21:58.194039 [debug] [MainThread]: Spark adapter: Setting thrift.protocol logging to ERROR
[0m11:35:21.099570 [info ] [MainThread]: Profile dbt_shop_report written to C:\Users\ggrft\.dbt\profiles.yml using target's profile_template.yml and your supplied values. Run 'dbt debug' to validate the connection.
[0m11:35:21.101568 [debug] [MainThread]: Command `dbt init` succeeded at 11:35:21.101568 after 993.13 seconds
[0m11:35:21.102568 [debug] [MainThread]: Sending event: {'category': 'dbt', 'action': 'invocation', 'label': 'end', 'context': [<snowplow_tracker.self_describing_json.SelfDescribingJson object at 0x0000022E8A672A00>, <snowplow_tracker.self_describing_json.SelfDescribingJson object at 0x0000022E8FD3AAF0>, <snowplow_tracker.self_describing_json.SelfDescribingJson object at 0x0000022E8CA54310>]}
[0m11:35:21.102568 [debug] [MainThread]: Flushing usage events
[0m11:35:21.579493 [debug] [MainThread]: An error was encountered while trying to flush usage events
[0m11:37:00.191310 [debug] [MainThread]: Sending event: {'category': 'dbt', 'action': 'invocation', 'label': 'start', 'context': [<snowplow_tracker.self_describing_json.SelfDescribingJson object at 0x000001E5573019D0>, <snowplow_tracker.self_describing_json.SelfDescribingJson object at 0x000001E5595AE220>, <snowplow_tracker.self_describing_json.SelfDescribingJson object at 0x000001E5595AE040>]}


============================== 11:37:00.194838 | c02b0d35-16f2-47e7-85ee-959ca88974f0 ==============================
[0m11:37:00.194838 [info ] [MainThread]: Running with dbt=1.10.17
[0m11:37:00.195874 [debug] [MainThread]: running dbt with arguments {'debug': 'False', 'fail_fast': 'False', 'log_cache_events': 'False', 'send_anonymous_usage_stats': 'True', 'warn_error_options': 'WarnErrorOptionsV2(error=[], warn=[], silence=[])', 'cache_selected_only': 'False', 'invocation_command': 'dbt debug', 'target_path': 'None', 'version_check': 'True', 'empty': 'None', 'printer_width': '80', 'partial_parse': 'True', 'introspect': 'True', 'log_path': 'logs', 'warn_error': 'None', 'write_json': 'True', 'quiet': 'False', 'no_print': 'None', 'log_format': 'default', 'static_parser': 'True', 'profiles_dir': 'C:\\Users\\ggrft\\.dbt', 'use_experimental_parser': 'False', 'use_colors': 'True', 'indirect_selection': 'eager'}
[0m11:37:00.244067 [info ] [MainThread]: dbt version: 1.10.17
[0m11:37:00.245090 [info ] [MainThread]: python version: 3.9.13
[0m11:37:00.245090 [info ] [MainThread]: python path: C:\Users\ggrft\PycharmProjects\dbt-projects\.venv\Scripts\python.exe
[0m11:37:00.246559 [info ] [MainThread]: os info: Windows-10-10.0.26200-SP0
[0m11:37:00.907881 [debug] [MainThread]: Spark adapter: Setting pyhive.hive logging to ERROR
[0m11:37:00.907881 [debug] [MainThread]: Spark adapter: Setting thrift.transport logging to ERROR
[0m11:37:00.908882 [debug] [MainThread]: Spark adapter: Setting thrift.protocol logging to ERROR
[0m11:37:01.548362 [info ] [MainThread]: Using profiles dir at C:\Users\ggrft\.dbt
[0m11:37:01.549361 [info ] [MainThread]: Using profiles.yml file at C:\Users\ggrft\.dbt\profiles.yml
[0m11:37:01.549361 [info ] [MainThread]: Using dbt_project.yml file at C:\Users\ggrft\PycharmProjects\dbt-projects\dbt_project.yml
[0m11:37:01.550361 [info ] [MainThread]: adapter type: databricks
[0m11:37:01.550361 [info ] [MainThread]: adapter version: 1.10.9
[0m11:37:01.551363 [info ] [MainThread]: Configuration:
[0m11:37:01.551363 [info ] [MainThread]:   profiles.yml file [[32mOK found and valid[0m]
[0m11:37:01.551363 [info ] [MainThread]:   dbt_project.yml file [[31mERROR not found[0m]
[0m11:37:01.552866 [info ] [MainThread]: Required dependencies:
[0m11:37:01.552866 [debug] [MainThread]: Executing "git --help"
[0m11:37:01.589472 [debug] [MainThread]: STDOUT: "b"usage: git [-v | --version] [-h | --help] [-C <path>] [-c <name>=<value>]\n           [--exec-path[=<path>]] [--html-path] [--man-path] [--info-path]\n           [-p | --paginate | -P | --no-pager] [--no-replace-objects] [--bare]\n           [--git-dir=<path>] [--work-tree=<path>] [--namespace=<name>]\n           [--config-env=<name>=<envvar>] <command> [<args>]\n\nThese are common Git commands used in various situations:\n\nstart a working area (see also: git help tutorial)\n   clone     Clone a repository into a new directory\n   init      Create an empty Git repository or reinitialize an existing one\n\nwork on the current change (see also: git help everyday)\n   add       Add file contents to the index\n   mv        Move or rename a file, a directory, or a symlink\n   restore   Restore working tree files\n   rm        Remove files from the working tree and from the index\n\nexamine the history and state (see also: git help revisions)\n   bisect    Use binary search to find the commit that introduced a bug\n   diff      Show changes between commits, commit and working tree, etc\n   grep      Print lines matching a pattern\n   log       Show commit logs\n   show      Show various types of objects\n   status    Show the working tree status\n\ngrow, mark and tweak your common history\n   branch    List, create, or delete branches\n   commit    Record changes to the repository\n   merge     Join two or more development histories together\n   rebase    Reapply commits on top of another base tip\n   reset     Reset current HEAD to the specified state\n   switch    Switch branches\n   tag       Create, list, delete or verify a tag object signed with GPG\n\ncollaborate (see also: git help workflows)\n   fetch     Download objects and refs from another repository\n   pull      Fetch from and integrate with another repository or a local branch\n   push      Update remote refs along with associated objects\n\n'git help -a' and 'git help -g' list available subcommands and some\nconcept guides. See 'git help <command>' or 'git help <concept>'\nto read about a specific subcommand or concept.\nSee 'git help git' for an overview of the system.\n""
[0m11:37:01.590473 [debug] [MainThread]: STDERR: "b''"
[0m11:37:01.591473 [info ] [MainThread]:  - git [[32mOK found[0m]

[0m11:37:01.591473 [info ] [MainThread]: Connection:
[0m11:37:01.591473 [info ] [MainThread]:   host: dbc-00120f69-4aad.cloud.databricks.com
[0m11:37:01.592977 [info ] [MainThread]:   http_path: /sql/1.0/warehouses/4ec8ed922861dd83
[0m11:37:01.593984 [info ] [MainThread]:   catalog: prod
[0m11:37:01.593984 [info ] [MainThread]:   schema: bronze
[0m11:37:01.594984 [info ] [MainThread]: Registered adapter: databricks=1.10.9
[0m11:37:02.042131 [debug] [MainThread]: Databricks adapter: DatabricksDBTConnection(session-id=None, name=debug) - Creating connection
[0m11:37:02.042131 [debug] [MainThread]: Acquiring new databricks connection 'debug'
[0m11:37:02.042131 [debug] [MainThread]: Using databricks connection "debug"
[0m11:37:02.043687 [debug] [MainThread]: On debug: select 1 as id
[0m11:37:02.043687 [debug] [MainThread]: Opening a new connection, currently in state init
[0m11:37:03.232878 [error] [MainThread]: databricks-sql-connector adapter: ThriftBackend.attempt_request: Exception: %s
[0m11:37:03.244095 [error] [MainThread]: Databricks adapter: Connection(session-id=Unknown) - Exception while trying to create connection: Error during request to server: : Invalid access token.. 
Error properties: attempt=1/30, bounded-retry-delay=None, elapsed-seconds=1.1746230125427246/900.0, error-message=: Invalid access token., http-code=403, method=OpenSession, no-retry-reason=non-retryable error, original-exception=, query-id=None, session-id=None
[0m11:37:03.245599 [debug] [MainThread]: Databricks adapter: Exception while trying to execute query
select 1 as id
: Database Error
  Error during request to server: : Invalid access token.. 
[0m11:37:03.245599 [debug] [MainThread]: On debug: No close available on handle
[0m11:37:03.246605 [info ] [MainThread]:   Connection test: [[31mERROR[0m]

[0m11:37:03.247604 [info ] [MainThread]: [31m2 checks failed:[0m
[0m11:37:03.248606 [info ] [MainThread]: Project loading failed for the following reason:
 project path <C:\Users\ggrft\PycharmProjects\dbt-projects\dbt_project.yml> not found

[0m11:37:03.249606 [info ] [MainThread]: dbt was unable to connect to the specified database.
The database returned the following error:

  >Database Error
  Database Error
    Error during request to server: : Invalid access token.. 

Check your database credentials and try again. For more information, visit:
https://docs.getdbt.com/docs/configure-your-profile


[0m11:37:03.250605 [debug] [MainThread]: Command `dbt debug` failed at 11:37:03.250605 after 3.15 seconds
[0m11:37:03.251605 [debug] [MainThread]: Sending event: {'category': 'dbt', 'action': 'invocation', 'label': 'end', 'context': [<snowplow_tracker.self_describing_json.SelfDescribingJson object at 0x000001E5573019D0>, <snowplow_tracker.self_describing_json.SelfDescribingJson object at 0x000001E57B641160>, <snowplow_tracker.self_describing_json.SelfDescribingJson object at 0x000001E57B657730>]}
[0m11:37:03.251605 [debug] [MainThread]: Flushing usage events
[0m11:37:03.682865 [debug] [MainThread]: An error was encountered while trying to flush usage events
[0m10:14:03.178055 [debug] [MainThread]: Sending event: {'category': 'dbt', 'action': 'invocation', 'label': 'start', 'context': [<snowplow_tracker.self_describing_json.SelfDescribingJson object at 0x000002230BDB9FD0>, <snowplow_tracker.self_describing_json.SelfDescribingJson object at 0x000002230E25B400>, <snowplow_tracker.self_describing_json.SelfDescribingJson object at 0x000002230E25B1F0>]}


============================== 10:14:03.204191 | 748cb296-2621-41ae-bde2-e6b027f20ff8 ==============================
[0m10:14:03.204191 [info ] [MainThread]: Running with dbt=1.10.17
[0m10:14:03.205196 [debug] [MainThread]: running dbt with arguments {'debug': 'False', 'fail_fast': 'False', 'log_cache_events': 'False', 'send_anonymous_usage_stats': 'True', 'warn_error_options': 'WarnErrorOptionsV2(error=[], warn=[], silence=[])', 'cache_selected_only': 'False', 'target_path': 'None', 'log_format': 'default', 'version_check': 'True', 'empty': 'None', 'printer_width': '80', 'partial_parse': 'True', 'introspect': 'True', 'invocation_command': 'dbt debug', 'warn_error': 'None', 'write_json': 'True', 'log_path': 'logs', 'quiet': 'False', 'no_print': 'None', 'static_parser': 'True', 'profiles_dir': 'C:\\Users\\ggrft\\.dbt', 'use_experimental_parser': 'False', 'use_colors': 'True', 'indirect_selection': 'eager'}
[0m10:14:03.273113 [info ] [MainThread]: dbt version: 1.10.17
[0m10:14:03.274111 [info ] [MainThread]: python version: 3.9.13
[0m10:14:03.274111 [info ] [MainThread]: python path: C:\Users\ggrft\PycharmProjects\dbt-projects\.venv\Scripts\python.exe
[0m10:14:03.275111 [info ] [MainThread]: os info: Windows-10-10.0.26200-SP0
[0m10:14:04.783807 [debug] [MainThread]: Spark adapter: Setting pyhive.hive logging to ERROR
[0m10:14:04.784809 [debug] [MainThread]: Spark adapter: Setting thrift.transport logging to ERROR
[0m10:14:04.784809 [debug] [MainThread]: Spark adapter: Setting thrift.protocol logging to ERROR
[0m10:14:06.975027 [info ] [MainThread]: Using profiles dir at C:\Users\ggrft\.dbt
[0m10:14:06.976024 [info ] [MainThread]: Using profiles.yml file at C:\Users\ggrft\.dbt\profiles.yml
[0m10:14:06.976024 [info ] [MainThread]: Using dbt_project.yml file at C:\Users\ggrft\PycharmProjects\dbt-projects\dbt_project.yml
[0m10:14:06.977024 [info ] [MainThread]: adapter type: databricks
[0m10:14:06.978024 [info ] [MainThread]: adapter version: 1.10.9
[0m10:14:06.978529 [info ] [MainThread]: Configuration:
[0m10:14:06.979534 [info ] [MainThread]:   profiles.yml file [[32mOK found and valid[0m]
[0m10:14:06.979534 [info ] [MainThread]:   dbt_project.yml file [[31mERROR not found[0m]
[0m10:14:06.980533 [info ] [MainThread]: Required dependencies:
[0m10:14:06.980533 [debug] [MainThread]: Executing "git --help"
[0m10:14:07.019233 [debug] [MainThread]: STDOUT: "b"usage: git [-v | --version] [-h | --help] [-C <path>] [-c <name>=<value>]\n           [--exec-path[=<path>]] [--html-path] [--man-path] [--info-path]\n           [-p | --paginate | -P | --no-pager] [--no-replace-objects] [--bare]\n           [--git-dir=<path>] [--work-tree=<path>] [--namespace=<name>]\n           [--config-env=<name>=<envvar>] <command> [<args>]\n\nThese are common Git commands used in various situations:\n\nstart a working area (see also: git help tutorial)\n   clone     Clone a repository into a new directory\n   init      Create an empty Git repository or reinitialize an existing one\n\nwork on the current change (see also: git help everyday)\n   add       Add file contents to the index\n   mv        Move or rename a file, a directory, or a symlink\n   restore   Restore working tree files\n   rm        Remove files from the working tree and from the index\n\nexamine the history and state (see also: git help revisions)\n   bisect    Use binary search to find the commit that introduced a bug\n   diff      Show changes between commits, commit and working tree, etc\n   grep      Print lines matching a pattern\n   log       Show commit logs\n   show      Show various types of objects\n   status    Show the working tree status\n\ngrow, mark and tweak your common history\n   branch    List, create, or delete branches\n   commit    Record changes to the repository\n   merge     Join two or more development histories together\n   rebase    Reapply commits on top of another base tip\n   reset     Reset current HEAD to the specified state\n   switch    Switch branches\n   tag       Create, list, delete or verify a tag object signed with GPG\n\ncollaborate (see also: git help workflows)\n   fetch     Download objects and refs from another repository\n   pull      Fetch from and integrate with another repository or a local branch\n   push      Update remote refs along with associated objects\n\n'git help -a' and 'git help -g' list available subcommands and some\nconcept guides. See 'git help <command>' or 'git help <concept>'\nto read about a specific subcommand or concept.\nSee 'git help git' for an overview of the system.\n""
[0m10:14:07.020240 [debug] [MainThread]: STDERR: "b''"
[0m10:14:07.020240 [info ] [MainThread]:  - git [[32mOK found[0m]

[0m10:14:07.021239 [info ] [MainThread]: Connection:
[0m10:14:07.021239 [info ] [MainThread]:   host: dbc-00120f69-4aad.cloud.databricks.com
[0m10:14:07.022238 [info ] [MainThread]:   http_path: /sql/1.0/warehouses/4ec8ed922861dd83
[0m10:14:07.022238 [info ] [MainThread]:   catalog: prod
[0m10:14:07.022238 [info ] [MainThread]:   schema: bronze
[0m10:14:07.023774 [info ] [MainThread]: Registered adapter: databricks=1.10.9
[0m10:14:07.508615 [debug] [MainThread]: Databricks adapter: DatabricksDBTConnection(session-id=None, name=debug) - Creating connection
[0m10:14:07.509649 [debug] [MainThread]: Acquiring new databricks connection 'debug'
[0m10:14:07.510254 [debug] [MainThread]: Using databricks connection "debug"
[0m10:14:07.510254 [debug] [MainThread]: On debug: select 1 as id
[0m10:14:07.511258 [debug] [MainThread]: Opening a new connection, currently in state init
[0m10:14:09.113313 [debug] [MainThread]: Databricks adapter: Connection(session-id=01f0e6f2-39f2-11aa-b525-8380b158c1e1) - Created
[0m10:14:24.101312 [debug] [MainThread]: SQL status: OK in 16.590 seconds
[0m10:14:24.103312 [debug] [MainThread]: Databricks adapter: Cursor(session-id=01f0e6f2-39f2-11aa-b525-8380b158c1e1, command-id=01f0e6f2-3a76-1c14-b519-2825940c547e) - Closing
[0m10:14:24.423112 [debug] [MainThread]: On debug: Close
[0m10:14:24.424131 [debug] [MainThread]: Databricks adapter: Connection(session-id=01f0e6f2-39f2-11aa-b525-8380b158c1e1) - Closing
[0m10:14:24.583615 [info ] [MainThread]:   Connection test: [[32mOK connection ok[0m]

[0m10:14:24.584615 [info ] [MainThread]: [31m1 check failed:[0m
[0m10:14:24.585615 [info ] [MainThread]: Project loading failed for the following reason:
 project path <C:\Users\ggrft\PycharmProjects\dbt-projects\dbt_project.yml> not found

[0m10:14:24.585615 [debug] [MainThread]: Command `dbt debug` failed at 10:14:24.585615 after 21.51 seconds
[0m10:14:24.587119 [debug] [MainThread]: Sending event: {'category': 'dbt', 'action': 'invocation', 'label': 'end', 'context': [<snowplow_tracker.self_describing_json.SelfDescribingJson object at 0x000002230BDB9FD0>, <snowplow_tracker.self_describing_json.SelfDescribingJson object at 0x00000223106C24F0>, <snowplow_tracker.self_describing_json.SelfDescribingJson object at 0x000002232F8FE6A0>]}
[0m10:14:24.587119 [debug] [MainThread]: Flushing usage events
[0m10:14:25.068681 [debug] [MainThread]: An error was encountered while trying to flush usage events
